03-Jan-2022 11:03:30.325 INFO [main] org.apache.catalina.startup.VersionLoggerListener.log Server version name:   Apache Tomcat/10.0.14
03-Jan-2022 11:03:30.338 INFO [main] org.apache.catalina.startup.VersionLoggerListener.log Server built:          Dec 2 2021 22:01:36 UTC
03-Jan-2022 11:03:30.338 INFO [main] org.apache.catalina.startup.VersionLoggerListener.log Server version number: 10.0.14.0
03-Jan-2022 11:03:30.339 INFO [main] org.apache.catalina.startup.VersionLoggerListener.log OS Name:               Mac OS X
03-Jan-2022 11:03:30.339 INFO [main] org.apache.catalina.startup.VersionLoggerListener.log Версия ОС:             11.2.3
03-Jan-2022 11:03:30.339 INFO [main] org.apache.catalina.startup.VersionLoggerListener.log Архитектура:           x86_64
03-Jan-2022 11:03:30.339 INFO [main] org.apache.catalina.startup.VersionLoggerListener.log Java Home:             /Users/mac/Library/Java/JavaVirtualMachines/corretto-1.8.0_302/Contents/Home/jre
03-Jan-2022 11:03:30.339 INFO [main] org.apache.catalina.startup.VersionLoggerListener.log Версия JVM:            1.8.0_302-b08
03-Jan-2022 11:03:30.339 INFO [main] org.apache.catalina.startup.VersionLoggerListener.log JVM Vendor:            Amazon.com Inc.
03-Jan-2022 11:03:30.339 INFO [main] org.apache.catalina.startup.VersionLoggerListener.log CATALINA_BASE:         /Users/mac/Documents/MyProjects/apache-tomcat-10.0.14
03-Jan-2022 11:03:30.339 INFO [main] org.apache.catalina.startup.VersionLoggerListener.log CATALINA_HOME:         /Users/mac/Documents/MyProjects/apache-tomcat-10.0.14
03-Jan-2022 11:03:30.364 INFO [main] org.apache.catalina.startup.VersionLoggerListener.log Command line argument: -Djava.util.logging.config.file=/Users/mac/Documents/MyProjects/apache-tomcat-10.0.14/conf/logging.properties
03-Jan-2022 11:03:30.365 INFO [main] org.apache.catalina.startup.VersionLoggerListener.log Command line argument: -Djava.util.logging.manager=org.apache.juli.ClassLoaderLogManager
03-Jan-2022 11:03:30.365 INFO [main] org.apache.catalina.startup.VersionLoggerListener.log Command line argument: -Djdk.tls.ephemeralDHKeySize=2048
03-Jan-2022 11:03:30.365 INFO [main] org.apache.catalina.startup.VersionLoggerListener.log Command line argument: -Djava.protocol.handler.pkgs=org.apache.catalina.webresources
03-Jan-2022 11:03:30.365 INFO [main] org.apache.catalina.startup.VersionLoggerListener.log Command line argument: -Dorg.apache.catalina.security.SecurityListener.UMASK=0027
03-Jan-2022 11:03:30.365 INFO [main] org.apache.catalina.startup.VersionLoggerListener.log Command line argument: -Dignore.endorsed.dirs=
03-Jan-2022 11:03:30.365 INFO [main] org.apache.catalina.startup.VersionLoggerListener.log Command line argument: -Dcatalina.base=/Users/mac/Documents/MyProjects/apache-tomcat-10.0.14
03-Jan-2022 11:03:30.365 INFO [main] org.apache.catalina.startup.VersionLoggerListener.log Command line argument: -Dcatalina.home=/Users/mac/Documents/MyProjects/apache-tomcat-10.0.14
03-Jan-2022 11:03:30.365 INFO [main] org.apache.catalina.startup.VersionLoggerListener.log Command line argument: -Djava.io.tmpdir=/Users/mac/Documents/MyProjects/apache-tomcat-10.0.14/temp
03-Jan-2022 11:03:30.368 INFO [main] org.apache.catalina.core.AprLifecycleListener.lifecycleEvent The Apache Tomcat Native library which allows using OpenSSL was not found on the java.library.path: [/Users/mac/Library/Java/Extensions:/Library/Java/Extensions:/Network/Library/Java/Extensions:/System/Library/Java/Extensions:/usr/lib/java:.]
03-Jan-2022 11:03:31.038 INFO [main] org.apache.coyote.AbstractProtocol.init Initializing ProtocolHandler ["http-nio-8080"]
03-Jan-2022 11:03:31.379 INFO [main] org.apache.catalina.startup.Catalina.load Server initialization in [1411] milliseconds
03-Jan-2022 11:03:31.501 INFO [main] org.apache.catalina.core.StandardService.startInternal Starting service [Catalina]
03-Jan-2022 11:03:31.502 INFO [main] org.apache.catalina.core.StandardEngine.startInternal Starting Servlet engine: [Apache Tomcat/10.0.14]
03-Jan-2022 11:03:31.520 INFO [main] org.apache.catalina.startup.HostConfig.deployDirectory Установка веб приложения в папку [/Users/mac/Documents/MyProjects/apache-tomcat-10.0.14/webapps/Beer-V1]
03-Jan-2022 11:03:32.387 INFO [main] org.apache.catalina.startup.HostConfig.deployDirectory Deployment of web application directory [/Users/mac/Documents/MyProjects/apache-tomcat-10.0.14/webapps/Beer-V1] has finished in [866] ms
03-Jan-2022 11:03:32.387 INFO [main] org.apache.catalina.startup.HostConfig.deployDirectory Установка веб приложения в папку [/Users/mac/Documents/MyProjects/apache-tomcat-10.0.14/webapps/docs]
03-Jan-2022 11:03:32.408 INFO [main] org.apache.catalina.startup.HostConfig.deployDirectory Deployment of web application directory [/Users/mac/Documents/MyProjects/apache-tomcat-10.0.14/webapps/docs] has finished in [20] ms
03-Jan-2022 11:03:32.408 INFO [main] org.apache.catalina.startup.HostConfig.deployDirectory Установка веб приложения в папку [/Users/mac/Documents/MyProjects/apache-tomcat-10.0.14/webapps/manager]
03-Jan-2022 11:03:32.457 INFO [main] org.apache.catalina.startup.HostConfig.deployDirectory Deployment of web application directory [/Users/mac/Documents/MyProjects/apache-tomcat-10.0.14/webapps/manager] has finished in [49] ms
03-Jan-2022 11:03:32.457 INFO [main] org.apache.catalina.startup.HostConfig.deployDirectory Установка веб приложения в папку [/Users/mac/Documents/MyProjects/apache-tomcat-10.0.14/webapps/examples]
03-Jan-2022 11:03:32.883 INFO [main] org.apache.catalina.startup.HostConfig.deployDirectory Deployment of web application directory [/Users/mac/Documents/MyProjects/apache-tomcat-10.0.14/webapps/examples] has finished in [426] ms
03-Jan-2022 11:03:32.884 INFO [main] org.apache.catalina.startup.HostConfig.deployDirectory Установка веб приложения в папку [/Users/mac/Documents/MyProjects/apache-tomcat-10.0.14/webapps/ROOT]
03-Jan-2022 11:03:32.909 INFO [main] org.apache.catalina.startup.HostConfig.deployDirectory Deployment of web application directory [/Users/mac/Documents/MyProjects/apache-tomcat-10.0.14/webapps/ROOT] has finished in [25] ms
03-Jan-2022 11:03:32.909 INFO [main] org.apache.catalina.startup.HostConfig.deployDirectory Установка веб приложения в папку [/Users/mac/Documents/MyProjects/apache-tomcat-10.0.14/webapps/host-manager]
03-Jan-2022 11:03:32.943 INFO [main] org.apache.catalina.startup.HostConfig.deployDirectory Deployment of web application directory [/Users/mac/Documents/MyProjects/apache-tomcat-10.0.14/webapps/host-manager] has finished in [34] ms
03-Jan-2022 11:03:32.948 INFO [main] org.apache.coyote.AbstractProtocol.start Starting ProtocolHandler ["http-nio-8080"]
03-Jan-2022 11:03:32.968 INFO [main] org.apache.catalina.startup.Catalina.start Server startup in [1588] milliseconds
03-Jan-2022 15:34:15.823 INFO [main] org.apache.catalina.core.StandardServer.await A valid shutdown command was received via the shutdown port. Stopping the Server instance.
03-Jan-2022 15:34:15.825 INFO [main] org.apache.coyote.AbstractProtocol.pause Pausing ProtocolHandler ["http-nio-8080"]
03-Jan-2022 15:34:15.831 INFO [main] org.apache.catalina.core.StandardService.stopInternal Stopping service [Catalina]
03-Jan-2022 15:34:15.870 INFO [main] org.apache.coyote.AbstractProtocol.stop Stopping ProtocolHandler ["http-nio-8080"]
03-Jan-2022 15:34:15.878 INFO [main] org.apache.coyote.AbstractProtocol.destroy Destroying ProtocolHandler ["http-nio-8080"]
03-Jan-2022 15:34:24.491 INFO [main] org.apache.catalina.startup.VersionLoggerListener.log Server version name:   Apache Tomcat/10.0.14
03-Jan-2022 15:34:24.494 INFO [main] org.apache.catalina.startup.VersionLoggerListener.log Server built:          Dec 2 2021 22:01:36 UTC
03-Jan-2022 15:34:24.494 INFO [main] org.apache.catalina.startup.VersionLoggerListener.log Server version number: 10.0.14.0
03-Jan-2022 15:34:24.494 INFO [main] org.apache.catalina.startup.VersionLoggerListener.log OS Name:               Mac OS X
03-Jan-2022 15:34:24.494 INFO [main] org.apache.catalina.startup.VersionLoggerListener.log Версия ОС:             11.2.3
03-Jan-2022 15:34:24.494 INFO [main] org.apache.catalina.startup.VersionLoggerListener.log Архитектура:           x86_64
03-Jan-2022 15:34:24.495 INFO [main] org.apache.catalina.startup.VersionLoggerListener.log Java Home:             /Users/mac/Library/Java/JavaVirtualMachines/corretto-1.8.0_302/Contents/Home/jre
03-Jan-2022 15:34:24.495 INFO [main] org.apache.catalina.startup.VersionLoggerListener.log Версия JVM:            1.8.0_302-b08
03-Jan-2022 15:34:24.495 INFO [main] org.apache.catalina.startup.VersionLoggerListener.log JVM Vendor:            Amazon.com Inc.
03-Jan-2022 15:34:24.495 INFO [main] org.apache.catalina.startup.VersionLoggerListener.log CATALINA_BASE:         /Users/mac/Documents/MyProjects/apache-tomcat-10.0.14
03-Jan-2022 15:34:24.495 INFO [main] org.apache.catalina.startup.VersionLoggerListener.log CATALINA_HOME:         /Users/mac/Documents/MyProjects/apache-tomcat-10.0.14
03-Jan-2022 15:34:24.501 INFO [main] org.apache.catalina.startup.VersionLoggerListener.log Command line argument: -Djava.util.logging.config.file=/Users/mac/Documents/MyProjects/apache-tomcat-10.0.14/conf/logging.properties
03-Jan-2022 15:34:24.501 INFO [main] org.apache.catalina.startup.VersionLoggerListener.log Command line argument: -Djava.util.logging.manager=org.apache.juli.ClassLoaderLogManager
03-Jan-2022 15:34:24.501 INFO [main] org.apache.catalina.startup.VersionLoggerListener.log Command line argument: -Djdk.tls.ephemeralDHKeySize=2048
03-Jan-2022 15:34:24.501 INFO [main] org.apache.catalina.startup.VersionLoggerListener.log Command line argument: -Djava.protocol.handler.pkgs=org.apache.catalina.webresources
03-Jan-2022 15:34:24.501 INFO [main] org.apache.catalina.startup.VersionLoggerListener.log Command line argument: -Dorg.apache.catalina.security.SecurityListener.UMASK=0027
03-Jan-2022 15:34:24.502 INFO [main] org.apache.catalina.startup.VersionLoggerListener.log Command line argument: -Dignore.endorsed.dirs=
03-Jan-2022 15:34:24.502 INFO [main] org.apache.catalina.startup.VersionLoggerListener.log Command line argument: -Dcatalina.base=/Users/mac/Documents/MyProjects/apache-tomcat-10.0.14
03-Jan-2022 15:34:24.502 INFO [main] org.apache.catalina.startup.VersionLoggerListener.log Command line argument: -Dcatalina.home=/Users/mac/Documents/MyProjects/apache-tomcat-10.0.14
03-Jan-2022 15:34:24.502 INFO [main] org.apache.catalina.startup.VersionLoggerListener.log Command line argument: -Djava.io.tmpdir=/Users/mac/Documents/MyProjects/apache-tomcat-10.0.14/temp
03-Jan-2022 15:34:24.505 INFO [main] org.apache.catalina.core.AprLifecycleListener.lifecycleEvent The Apache Tomcat Native library which allows using OpenSSL was not found on the java.library.path: [/Users/mac/Library/Java/Extensions:/Library/Java/Extensions:/Network/Library/Java/Extensions:/System/Library/Java/Extensions:/usr/lib/java:.]
03-Jan-2022 15:34:25.019 INFO [main] org.apache.coyote.AbstractProtocol.init Initializing ProtocolHandler ["http-nio-8080"]
03-Jan-2022 15:34:25.073 INFO [main] org.apache.catalina.startup.Catalina.load Server initialization in [807] milliseconds
03-Jan-2022 15:34:25.123 INFO [main] org.apache.catalina.core.StandardService.startInternal Starting service [Catalina]
03-Jan-2022 15:34:25.124 INFO [main] org.apache.catalina.core.StandardEngine.startInternal Starting Servlet engine: [Apache Tomcat/10.0.14]
03-Jan-2022 15:34:25.138 INFO [main] org.apache.catalina.startup.HostConfig.deployDirectory Установка веб приложения в папку [/Users/mac/Documents/MyProjects/apache-tomcat-10.0.14/webapps/Beer-V1]
03-Jan-2022 15:34:25.484 INFO [main] org.apache.catalina.startup.HostConfig.deployDirectory Deployment of web application directory [/Users/mac/Documents/MyProjects/apache-tomcat-10.0.14/webapps/Beer-V1] has finished in [345] ms
03-Jan-2022 15:34:25.484 INFO [main] org.apache.catalina.startup.HostConfig.deployDirectory Установка веб приложения в папку [/Users/mac/Documents/MyProjects/apache-tomcat-10.0.14/webapps/docs]
03-Jan-2022 15:34:25.507 INFO [main] org.apache.catalina.startup.HostConfig.deployDirectory Deployment of web application directory [/Users/mac/Documents/MyProjects/apache-tomcat-10.0.14/webapps/docs] has finished in [22] ms
03-Jan-2022 15:34:25.507 INFO [main] org.apache.catalina.startup.HostConfig.deployDirectory Установка веб приложения в папку [/Users/mac/Documents/MyProjects/apache-tomcat-10.0.14/webapps/manager]
03-Jan-2022 15:34:25.557 INFO [main] org.apache.catalina.startup.HostConfig.deployDirectory Deployment of web application directory [/Users/mac/Documents/MyProjects/apache-tomcat-10.0.14/webapps/manager] has finished in [50] ms
03-Jan-2022 15:34:25.558 INFO [main] org.apache.catalina.startup.HostConfig.deployDirectory Установка веб приложения в папку [/Users/mac/Documents/MyProjects/apache-tomcat-10.0.14/webapps/examples]
03-Jan-2022 15:34:25.968 INFO [main] org.apache.catalina.startup.HostConfig.deployDirectory Deployment of web application directory [/Users/mac/Documents/MyProjects/apache-tomcat-10.0.14/webapps/examples] has finished in [409] ms
03-Jan-2022 15:34:25.968 INFO [main] org.apache.catalina.startup.HostConfig.deployDirectory Установка веб приложения в папку [/Users/mac/Documents/MyProjects/apache-tomcat-10.0.14/webapps/ROOT]
03-Jan-2022 15:34:25.995 INFO [main] org.apache.catalina.startup.HostConfig.deployDirectory Deployment of web application directory [/Users/mac/Documents/MyProjects/apache-tomcat-10.0.14/webapps/ROOT] has finished in [27] ms
03-Jan-2022 15:34:25.995 INFO [main] org.apache.catalina.startup.HostConfig.deployDirectory Установка веб приложения в папку [/Users/mac/Documents/MyProjects/apache-tomcat-10.0.14/webapps/host-manager]
03-Jan-2022 15:34:26.024 INFO [main] org.apache.catalina.startup.HostConfig.deployDirectory Deployment of web application directory [/Users/mac/Documents/MyProjects/apache-tomcat-10.0.14/webapps/host-manager] has finished in [29] ms
03-Jan-2022 15:34:26.030 INFO [main] org.apache.coyote.AbstractProtocol.start Starting ProtocolHandler ["http-nio-8080"]
03-Jan-2022 15:34:26.048 INFO [main] org.apache.catalina.startup.Catalina.start Server startup in [974] milliseconds
03-Jan-2022 16:09:33.767 INFO [main] org.apache.catalina.core.StandardServer.await A valid shutdown command was received via the shutdown port. Stopping the Server instance.
03-Jan-2022 16:09:33.768 INFO [main] org.apache.coyote.AbstractProtocol.pause Pausing ProtocolHandler ["http-nio-8080"]
03-Jan-2022 16:09:33.772 INFO [main] org.apache.catalina.core.StandardService.stopInternal Stopping service [Catalina]
03-Jan-2022 16:09:33.809 INFO [main] org.apache.coyote.AbstractProtocol.stop Stopping ProtocolHandler ["http-nio-8080"]
03-Jan-2022 16:09:33.822 INFO [main] org.apache.coyote.AbstractProtocol.destroy Destroying ProtocolHandler ["http-nio-8080"]
03-Jan-2022 16:09:35.508 INFO [main] org.apache.catalina.startup.VersionLoggerListener.log Server version name:   Apache Tomcat/10.0.14
03-Jan-2022 16:09:35.512 INFO [main] org.apache.catalina.startup.VersionLoggerListener.log Server built:          Dec 2 2021 22:01:36 UTC
03-Jan-2022 16:09:35.512 INFO [main] org.apache.catalina.startup.VersionLoggerListener.log Server version number: 10.0.14.0
03-Jan-2022 16:09:35.512 INFO [main] org.apache.catalina.startup.VersionLoggerListener.log OS Name:               Mac OS X
03-Jan-2022 16:09:35.512 INFO [main] org.apache.catalina.startup.VersionLoggerListener.log Версия ОС:             11.2.3
03-Jan-2022 16:09:35.513 INFO [main] org.apache.catalina.startup.VersionLoggerListener.log Архитектура:           x86_64
03-Jan-2022 16:09:35.513 INFO [main] org.apache.catalina.startup.VersionLoggerListener.log Java Home:             /Users/mac/Library/Java/JavaVirtualMachines/corretto-1.8.0_302/Contents/Home/jre
03-Jan-2022 16:09:35.513 INFO [main] org.apache.catalina.startup.VersionLoggerListener.log Версия JVM:            1.8.0_302-b08
03-Jan-2022 16:09:35.513 INFO [main] org.apache.catalina.startup.VersionLoggerListener.log JVM Vendor:            Amazon.com Inc.
03-Jan-2022 16:09:35.513 INFO [main] org.apache.catalina.startup.VersionLoggerListener.log CATALINA_BASE:         /Users/mac/Documents/MyProjects/apache-tomcat-10.0.14
03-Jan-2022 16:09:35.513 INFO [main] org.apache.catalina.startup.VersionLoggerListener.log CATALINA_HOME:         /Users/mac/Documents/MyProjects/apache-tomcat-10.0.14
03-Jan-2022 16:09:35.524 INFO [main] org.apache.catalina.startup.VersionLoggerListener.log Command line argument: -Djava.util.logging.config.file=/Users/mac/Documents/MyProjects/apache-tomcat-10.0.14/conf/logging.properties
03-Jan-2022 16:09:35.526 INFO [main] org.apache.catalina.startup.VersionLoggerListener.log Command line argument: -Djava.util.logging.manager=org.apache.juli.ClassLoaderLogManager
03-Jan-2022 16:09:35.527 INFO [main] org.apache.catalina.startup.VersionLoggerListener.log Command line argument: -Djdk.tls.ephemeralDHKeySize=2048
03-Jan-2022 16:09:35.527 INFO [main] org.apache.catalina.startup.VersionLoggerListener.log Command line argument: -Djava.protocol.handler.pkgs=org.apache.catalina.webresources
03-Jan-2022 16:09:35.527 INFO [main] org.apache.catalina.startup.VersionLoggerListener.log Command line argument: -Dorg.apache.catalina.security.SecurityListener.UMASK=0027
03-Jan-2022 16:09:35.527 INFO [main] org.apache.catalina.startup.VersionLoggerListener.log Command line argument: -Dignore.endorsed.dirs=
03-Jan-2022 16:09:35.527 INFO [main] org.apache.catalina.startup.VersionLoggerListener.log Command line argument: -Dcatalina.base=/Users/mac/Documents/MyProjects/apache-tomcat-10.0.14
03-Jan-2022 16:09:35.527 INFO [main] org.apache.catalina.startup.VersionLoggerListener.log Command line argument: -Dcatalina.home=/Users/mac/Documents/MyProjects/apache-tomcat-10.0.14
03-Jan-2022 16:09:35.528 INFO [main] org.apache.catalina.startup.VersionLoggerListener.log Command line argument: -Djava.io.tmpdir=/Users/mac/Documents/MyProjects/apache-tomcat-10.0.14/temp
03-Jan-2022 16:09:35.530 INFO [main] org.apache.catalina.core.AprLifecycleListener.lifecycleEvent The Apache Tomcat Native library which allows using OpenSSL was not found on the java.library.path: [/Users/mac/Library/Java/Extensions:/Library/Java/Extensions:/Network/Library/Java/Extensions:/System/Library/Java/Extensions:/usr/lib/java:.]
03-Jan-2022 16:09:36.006 INFO [main] org.apache.coyote.AbstractProtocol.init Initializing ProtocolHandler ["http-nio-8080"]
03-Jan-2022 16:09:36.060 INFO [main] org.apache.catalina.startup.Catalina.load Server initialization in [798] milliseconds
03-Jan-2022 16:09:36.110 INFO [main] org.apache.catalina.core.StandardService.startInternal Starting service [Catalina]
03-Jan-2022 16:09:36.110 INFO [main] org.apache.catalina.core.StandardEngine.startInternal Starting Servlet engine: [Apache Tomcat/10.0.14]
03-Jan-2022 16:09:36.128 INFO [main] org.apache.catalina.startup.HostConfig.deployDirectory Установка веб приложения в папку [/Users/mac/Documents/MyProjects/apache-tomcat-10.0.14/webapps/Beer-V1]
03-Jan-2022 16:09:36.536 INFO [main] org.apache.catalina.startup.HostConfig.deployDirectory Deployment of web application directory [/Users/mac/Documents/MyProjects/apache-tomcat-10.0.14/webapps/Beer-V1] has finished in [407] ms
03-Jan-2022 16:09:36.536 INFO [main] org.apache.catalina.startup.HostConfig.deployDirectory Установка веб приложения в папку [/Users/mac/Documents/MyProjects/apache-tomcat-10.0.14/webapps/docs]
03-Jan-2022 16:09:36.563 INFO [main] org.apache.catalina.startup.HostConfig.deployDirectory Deployment of web application directory [/Users/mac/Documents/MyProjects/apache-tomcat-10.0.14/webapps/docs] has finished in [27] ms
03-Jan-2022 16:09:36.563 INFO [main] org.apache.catalina.startup.HostConfig.deployDirectory Установка веб приложения в папку [/Users/mac/Documents/MyProjects/apache-tomcat-10.0.14/webapps/manager]
03-Jan-2022 16:09:36.610 INFO [main] org.apache.catalina.startup.HostConfig.deployDirectory Deployment of web application directory [/Users/mac/Documents/MyProjects/apache-tomcat-10.0.14/webapps/manager] has finished in [47] ms
03-Jan-2022 16:09:36.611 INFO [main] org.apache.catalina.startup.HostConfig.deployDirectory Установка веб приложения в папку [/Users/mac/Documents/MyProjects/apache-tomcat-10.0.14/webapps/examples]
03-Jan-2022 16:09:37.219 INFO [main] org.apache.catalina.startup.HostConfig.deployDirectory Deployment of web application directory [/Users/mac/Documents/MyProjects/apache-tomcat-10.0.14/webapps/examples] has finished in [608] ms
03-Jan-2022 16:09:37.219 INFO [main] org.apache.catalina.startup.HostConfig.deployDirectory Установка веб приложения в папку [/Users/mac/Documents/MyProjects/apache-tomcat-10.0.14/webapps/ROOT]
03-Jan-2022 16:09:37.238 INFO [main] org.apache.catalina.startup.HostConfig.deployDirectory Deployment of web application directory [/Users/mac/Documents/MyProjects/apache-tomcat-10.0.14/webapps/ROOT] has finished in [19] ms
03-Jan-2022 16:09:37.238 INFO [main] org.apache.catalina.startup.HostConfig.deployDirectory Установка веб приложения в папку [/Users/mac/Documents/MyProjects/apache-tomcat-10.0.14/webapps/host-manager]
03-Jan-2022 16:09:37.265 INFO [main] org.apache.catalina.startup.HostConfig.deployDirectory Deployment of web application directory [/Users/mac/Documents/MyProjects/apache-tomcat-10.0.14/webapps/host-manager] has finished in [27] ms
03-Jan-2022 16:09:37.270 INFO [main] org.apache.coyote.AbstractProtocol.start Starting ProtocolHandler ["http-nio-8080"]
03-Jan-2022 16:09:37.283 INFO [main] org.apache.catalina.startup.Catalina.start Server startup in [1221] milliseconds
03-Jan-2022 16:14:56.755 INFO [main] org.apache.catalina.core.StandardServer.await A valid shutdown command was received via the shutdown port. Stopping the Server instance.
03-Jan-2022 16:14:56.756 INFO [main] org.apache.coyote.AbstractProtocol.pause Pausing ProtocolHandler ["http-nio-8080"]
03-Jan-2022 16:14:56.761 INFO [main] org.apache.catalina.core.StandardService.stopInternal Stopping service [Catalina]
03-Jan-2022 16:14:56.789 INFO [main] org.apache.coyote.AbstractProtocol.stop Stopping ProtocolHandler ["http-nio-8080"]
03-Jan-2022 16:14:56.801 INFO [main] org.apache.coyote.AbstractProtocol.destroy Destroying ProtocolHandler ["http-nio-8080"]
03-Jan-2022 16:21:50.809 INFO [main] org.apache.catalina.startup.VersionLoggerListener.log Server version name:   Apache Tomcat/10.0.14
03-Jan-2022 16:21:50.811 INFO [main] org.apache.catalina.startup.VersionLoggerListener.log Server built:          Dec 2 2021 22:01:36 UTC
03-Jan-2022 16:21:50.811 INFO [main] org.apache.catalina.startup.VersionLoggerListener.log Server version number: 10.0.14.0
03-Jan-2022 16:21:50.811 INFO [main] org.apache.catalina.startup.VersionLoggerListener.log OS Name:               Mac OS X
03-Jan-2022 16:21:50.811 INFO [main] org.apache.catalina.startup.VersionLoggerListener.log Версия ОС:             11.2.3
03-Jan-2022 16:21:50.812 INFO [main] org.apache.catalina.startup.VersionLoggerListener.log Архитектура:           x86_64
03-Jan-2022 16:21:50.812 INFO [main] org.apache.catalina.startup.VersionLoggerListener.log Java Home:             /Users/mac/Library/Java/JavaVirtualMachines/corretto-1.8.0_302/Contents/Home/jre
03-Jan-2022 16:21:50.812 INFO [main] org.apache.catalina.startup.VersionLoggerListener.log Версия JVM:            1.8.0_302-b08
03-Jan-2022 16:21:50.812 INFO [main] org.apache.catalina.startup.VersionLoggerListener.log JVM Vendor:            Amazon.com Inc.
03-Jan-2022 16:21:50.812 INFO [main] org.apache.catalina.startup.VersionLoggerListener.log CATALINA_BASE:         /Users/mac/Documents/MyProjects/apache-tomcat-10.0.14
03-Jan-2022 16:21:50.812 INFO [main] org.apache.catalina.startup.VersionLoggerListener.log CATALINA_HOME:         /Users/mac/Documents/MyProjects/apache-tomcat-10.0.14
03-Jan-2022 16:21:50.818 INFO [main] org.apache.catalina.startup.VersionLoggerListener.log Command line argument: -Djava.util.logging.config.file=/Users/mac/Documents/MyProjects/apache-tomcat-10.0.14/conf/logging.properties
03-Jan-2022 16:21:50.818 INFO [main] org.apache.catalina.startup.VersionLoggerListener.log Command line argument: -Djava.util.logging.manager=org.apache.juli.ClassLoaderLogManager
03-Jan-2022 16:21:50.818 INFO [main] org.apache.catalina.startup.VersionLoggerListener.log Command line argument: -Djdk.tls.ephemeralDHKeySize=2048
03-Jan-2022 16:21:50.818 INFO [main] org.apache.catalina.startup.VersionLoggerListener.log Command line argument: -Djava.protocol.handler.pkgs=org.apache.catalina.webresources
03-Jan-2022 16:21:50.818 INFO [main] org.apache.catalina.startup.VersionLoggerListener.log Command line argument: -Dorg.apache.catalina.security.SecurityListener.UMASK=0027
03-Jan-2022 16:21:50.818 INFO [main] org.apache.catalina.startup.VersionLoggerListener.log Command line argument: -Dignore.endorsed.dirs=
03-Jan-2022 16:21:50.818 INFO [main] org.apache.catalina.startup.VersionLoggerListener.log Command line argument: -Dcatalina.base=/Users/mac/Documents/MyProjects/apache-tomcat-10.0.14
03-Jan-2022 16:21:50.818 INFO [main] org.apache.catalina.startup.VersionLoggerListener.log Command line argument: -Dcatalina.home=/Users/mac/Documents/MyProjects/apache-tomcat-10.0.14
03-Jan-2022 16:21:50.818 INFO [main] org.apache.catalina.startup.VersionLoggerListener.log Command line argument: -Djava.io.tmpdir=/Users/mac/Documents/MyProjects/apache-tomcat-10.0.14/temp
03-Jan-2022 16:21:50.821 INFO [main] org.apache.catalina.core.AprLifecycleListener.lifecycleEvent The Apache Tomcat Native library which allows using OpenSSL was not found on the java.library.path: [/Users/mac/Library/Java/Extensions:/Library/Java/Extensions:/Network/Library/Java/Extensions:/System/Library/Java/Extensions:/usr/lib/java:.]
03-Jan-2022 16:21:51.235 INFO [main] org.apache.coyote.AbstractProtocol.init Initializing ProtocolHandler ["http-nio-8080"]
03-Jan-2022 16:21:51.277 INFO [main] org.apache.catalina.startup.Catalina.load Server initialization in [672] milliseconds
03-Jan-2022 16:21:51.318 INFO [main] org.apache.catalina.core.StandardService.startInternal Starting service [Catalina]
03-Jan-2022 16:21:51.318 INFO [main] org.apache.catalina.core.StandardEngine.startInternal Starting Servlet engine: [Apache Tomcat/10.0.14]
03-Jan-2022 16:21:51.330 INFO [main] org.apache.catalina.startup.HostConfig.deployDirectory Установка веб приложения в папку [/Users/mac/Documents/MyProjects/apache-tomcat-10.0.14/webapps/Beer-V1]
03-Jan-2022 16:21:51.660 INFO [main] org.apache.catalina.startup.HostConfig.deployDirectory Deployment of web application directory [/Users/mac/Documents/MyProjects/apache-tomcat-10.0.14/webapps/Beer-V1] has finished in [329] ms
03-Jan-2022 16:21:51.660 INFO [main] org.apache.catalina.startup.HostConfig.deployDirectory Установка веб приложения в папку [/Users/mac/Documents/MyProjects/apache-tomcat-10.0.14/webapps/docs]
03-Jan-2022 16:21:51.683 INFO [main] org.apache.catalina.startup.HostConfig.deployDirectory Deployment of web application directory [/Users/mac/Documents/MyProjects/apache-tomcat-10.0.14/webapps/docs] has finished in [23] ms
03-Jan-2022 16:21:51.683 INFO [main] org.apache.catalina.startup.HostConfig.deployDirectory Установка веб приложения в папку [/Users/mac/Documents/MyProjects/apache-tomcat-10.0.14/webapps/manager]
03-Jan-2022 16:21:51.727 INFO [main] org.apache.catalina.startup.HostConfig.deployDirectory Deployment of web application directory [/Users/mac/Documents/MyProjects/apache-tomcat-10.0.14/webapps/manager] has finished in [43] ms
03-Jan-2022 16:21:51.727 INFO [main] org.apache.catalina.startup.HostConfig.deployDirectory Установка веб приложения в папку [/Users/mac/Documents/MyProjects/apache-tomcat-10.0.14/webapps/examples]
03-Jan-2022 16:21:52.110 INFO [main] org.apache.catalina.startup.HostConfig.deployDirectory Deployment of web application directory [/Users/mac/Documents/MyProjects/apache-tomcat-10.0.14/webapps/examples] has finished in [383] ms
03-Jan-2022 16:21:52.111 INFO [main] org.apache.catalina.startup.HostConfig.deployDirectory Установка веб приложения в папку [/Users/mac/Documents/MyProjects/apache-tomcat-10.0.14/webapps/ROOT]
03-Jan-2022 16:21:52.133 INFO [main] org.apache.catalina.startup.HostConfig.deployDirectory Deployment of web application directory [/Users/mac/Documents/MyProjects/apache-tomcat-10.0.14/webapps/ROOT] has finished in [22] ms
03-Jan-2022 16:21:52.134 INFO [main] org.apache.catalina.startup.HostConfig.deployDirectory Установка веб приложения в папку [/Users/mac/Documents/MyProjects/apache-tomcat-10.0.14/webapps/host-manager]
03-Jan-2022 16:21:52.162 INFO [main] org.apache.catalina.startup.HostConfig.deployDirectory Deployment of web application directory [/Users/mac/Documents/MyProjects/apache-tomcat-10.0.14/webapps/host-manager] has finished in [28] ms
03-Jan-2022 16:21:52.166 INFO [main] org.apache.coyote.AbstractProtocol.start Starting ProtocolHandler ["http-nio-8080"]
03-Jan-2022 16:21:52.180 INFO [main] org.apache.catalina.startup.Catalina.start Server startup in [902] milliseconds
03-Jan-2022 16:23:34.914 INFO [main] org.apache.catalina.core.StandardServer.await A valid shutdown command was received via the shutdown port. Stopping the Server instance.
03-Jan-2022 16:23:34.915 INFO [main] org.apache.coyote.AbstractProtocol.pause Pausing ProtocolHandler ["http-nio-8080"]
03-Jan-2022 16:23:34.920 INFO [main] org.apache.catalina.core.StandardService.stopInternal Stopping service [Catalina]
03-Jan-2022 16:23:34.957 INFO [main] org.apache.coyote.AbstractProtocol.stop Stopping ProtocolHandler ["http-nio-8080"]
03-Jan-2022 16:23:34.968 INFO [main] org.apache.coyote.AbstractProtocol.destroy Destroying ProtocolHandler ["http-nio-8080"]
03-Jan-2022 16:23:37.038 INFO [main] org.apache.catalina.startup.VersionLoggerListener.log Server version name:   Apache Tomcat/10.0.14
03-Jan-2022 16:23:37.042 INFO [main] org.apache.catalina.startup.VersionLoggerListener.log Server built:          Dec 2 2021 22:01:36 UTC
03-Jan-2022 16:23:37.042 INFO [main] org.apache.catalina.startup.VersionLoggerListener.log Server version number: 10.0.14.0
03-Jan-2022 16:23:37.042 INFO [main] org.apache.catalina.startup.VersionLoggerListener.log OS Name:               Mac OS X
03-Jan-2022 16:23:37.043 INFO [main] org.apache.catalina.startup.VersionLoggerListener.log Версия ОС:             11.2.3
03-Jan-2022 16:23:37.043 INFO [main] org.apache.catalina.startup.VersionLoggerListener.log Архитектура:           x86_64
03-Jan-2022 16:23:37.043 INFO [main] org.apache.catalina.startup.VersionLoggerListener.log Java Home:             /Users/mac/Library/Java/JavaVirtualMachines/corretto-1.8.0_302/Contents/Home/jre
03-Jan-2022 16:23:37.043 INFO [main] org.apache.catalina.startup.VersionLoggerListener.log Версия JVM:            1.8.0_302-b08
03-Jan-2022 16:23:37.043 INFO [main] org.apache.catalina.startup.VersionLoggerListener.log JVM Vendor:            Amazon.com Inc.
03-Jan-2022 16:23:37.044 INFO [main] org.apache.catalina.startup.VersionLoggerListener.log CATALINA_BASE:         /Users/mac/Documents/MyProjects/apache-tomcat-10.0.14
03-Jan-2022 16:23:37.044 INFO [main] org.apache.catalina.startup.VersionLoggerListener.log CATALINA_HOME:         /Users/mac/Documents/MyProjects/apache-tomcat-10.0.14
03-Jan-2022 16:23:37.049 INFO [main] org.apache.catalina.startup.VersionLoggerListener.log Command line argument: -Djava.util.logging.config.file=/Users/mac/Documents/MyProjects/apache-tomcat-10.0.14/conf/logging.properties
03-Jan-2022 16:23:37.049 INFO [main] org.apache.catalina.startup.VersionLoggerListener.log Command line argument: -Djava.util.logging.manager=org.apache.juli.ClassLoaderLogManager
03-Jan-2022 16:23:37.049 INFO [main] org.apache.catalina.startup.VersionLoggerListener.log Command line argument: -Djdk.tls.ephemeralDHKeySize=2048
03-Jan-2022 16:23:37.049 INFO [main] org.apache.catalina.startup.VersionLoggerListener.log Command line argument: -Djava.protocol.handler.pkgs=org.apache.catalina.webresources
03-Jan-2022 16:23:37.049 INFO [main] org.apache.catalina.startup.VersionLoggerListener.log Command line argument: -Dorg.apache.catalina.security.SecurityListener.UMASK=0027
03-Jan-2022 16:23:37.050 INFO [main] org.apache.catalina.startup.VersionLoggerListener.log Command line argument: -Dignore.endorsed.dirs=
03-Jan-2022 16:23:37.050 INFO [main] org.apache.catalina.startup.VersionLoggerListener.log Command line argument: -Dcatalina.base=/Users/mac/Documents/MyProjects/apache-tomcat-10.0.14
03-Jan-2022 16:23:37.050 INFO [main] org.apache.catalina.startup.VersionLoggerListener.log Command line argument: -Dcatalina.home=/Users/mac/Documents/MyProjects/apache-tomcat-10.0.14
03-Jan-2022 16:23:37.050 INFO [main] org.apache.catalina.startup.VersionLoggerListener.log Command line argument: -Djava.io.tmpdir=/Users/mac/Documents/MyProjects/apache-tomcat-10.0.14/temp
03-Jan-2022 16:23:37.053 INFO [main] org.apache.catalina.core.AprLifecycleListener.lifecycleEvent The Apache Tomcat Native library which allows using OpenSSL was not found on the java.library.path: [/Users/mac/Library/Java/Extensions:/Library/Java/Extensions:/Network/Library/Java/Extensions:/System/Library/Java/Extensions:/usr/lib/java:.]
03-Jan-2022 16:23:37.529 INFO [main] org.apache.coyote.AbstractProtocol.init Initializing ProtocolHandler ["http-nio-8080"]
03-Jan-2022 16:23:37.580 INFO [main] org.apache.catalina.startup.Catalina.load Server initialization in [777] milliseconds
03-Jan-2022 16:23:37.621 INFO [main] org.apache.catalina.core.StandardService.startInternal Starting service [Catalina]
03-Jan-2022 16:23:37.622 INFO [main] org.apache.catalina.core.StandardEngine.startInternal Starting Servlet engine: [Apache Tomcat/10.0.14]
03-Jan-2022 16:23:37.633 INFO [main] org.apache.catalina.startup.HostConfig.deployDirectory Установка веб приложения в папку [/Users/mac/Documents/MyProjects/apache-tomcat-10.0.14/webapps/Beer-V1]
03-Jan-2022 16:23:37.977 INFO [main] org.apache.catalina.startup.HostConfig.deployDirectory Deployment of web application directory [/Users/mac/Documents/MyProjects/apache-tomcat-10.0.14/webapps/Beer-V1] has finished in [343] ms
03-Jan-2022 16:23:37.977 INFO [main] org.apache.catalina.startup.HostConfig.deployDirectory Установка веб приложения в папку [/Users/mac/Documents/MyProjects/apache-tomcat-10.0.14/webapps/docs]
03-Jan-2022 16:23:38.003 INFO [main] org.apache.catalina.startup.HostConfig.deployDirectory Deployment of web application directory [/Users/mac/Documents/MyProjects/apache-tomcat-10.0.14/webapps/docs] has finished in [26] ms
03-Jan-2022 16:23:38.003 INFO [main] org.apache.catalina.startup.HostConfig.deployDirectory Установка веб приложения в папку [/Users/mac/Documents/MyProjects/apache-tomcat-10.0.14/webapps/manager]
03-Jan-2022 16:23:38.047 INFO [main] org.apache.catalina.startup.HostConfig.deployDirectory Deployment of web application directory [/Users/mac/Documents/MyProjects/apache-tomcat-10.0.14/webapps/manager] has finished in [44] ms
03-Jan-2022 16:23:38.048 INFO [main] org.apache.catalina.startup.HostConfig.deployDirectory Установка веб приложения в папку [/Users/mac/Documents/MyProjects/apache-tomcat-10.0.14/webapps/examples]
03-Jan-2022 16:23:38.396 INFO [main] org.apache.catalina.startup.HostConfig.deployDirectory Deployment of web application directory [/Users/mac/Documents/MyProjects/apache-tomcat-10.0.14/webapps/examples] has finished in [349] ms
03-Jan-2022 16:23:38.396 INFO [main] org.apache.catalina.startup.HostConfig.deployDirectory Установка веб приложения в папку [/Users/mac/Documents/MyProjects/apache-tomcat-10.0.14/webapps/ROOT]
03-Jan-2022 16:23:38.416 INFO [main] org.apache.catalina.startup.HostConfig.deployDirectory Deployment of web application directory [/Users/mac/Documents/MyProjects/apache-tomcat-10.0.14/webapps/ROOT] has finished in [20] ms
03-Jan-2022 16:23:38.416 INFO [main] org.apache.catalina.startup.HostConfig.deployDirectory Установка веб приложения в папку [/Users/mac/Documents/MyProjects/apache-tomcat-10.0.14/webapps/host-manager]
03-Jan-2022 16:23:38.442 INFO [main] org.apache.catalina.startup.HostConfig.deployDirectory Deployment of web application directory [/Users/mac/Documents/MyProjects/apache-tomcat-10.0.14/webapps/host-manager] has finished in [26] ms
03-Jan-2022 16:23:38.448 INFO [main] org.apache.coyote.AbstractProtocol.start Starting ProtocolHandler ["http-nio-8080"]
03-Jan-2022 16:23:38.463 INFO [main] org.apache.catalina.startup.Catalina.start Server startup in [882] milliseconds
03-Jan-2022 16:26:58.484 INFO [main] org.apache.catalina.core.StandardServer.await A valid shutdown command was received via the shutdown port. Stopping the Server instance.
03-Jan-2022 16:26:58.485 INFO [main] org.apache.coyote.AbstractProtocol.pause Pausing ProtocolHandler ["http-nio-8080"]
03-Jan-2022 16:26:58.490 INFO [main] org.apache.catalina.core.StandardService.stopInternal Stopping service [Catalina]
03-Jan-2022 16:26:58.523 INFO [main] org.apache.coyote.AbstractProtocol.stop Stopping ProtocolHandler ["http-nio-8080"]
03-Jan-2022 16:26:58.532 INFO [main] org.apache.coyote.AbstractProtocol.destroy Destroying ProtocolHandler ["http-nio-8080"]
03-Jan-2022 16:27:00.110 INFO [main] org.apache.catalina.startup.VersionLoggerListener.log Server version name:   Apache Tomcat/10.0.14
03-Jan-2022 16:27:00.113 INFO [main] org.apache.catalina.startup.VersionLoggerListener.log Server built:          Dec 2 2021 22:01:36 UTC
03-Jan-2022 16:27:00.114 INFO [main] org.apache.catalina.startup.VersionLoggerListener.log Server version number: 10.0.14.0
03-Jan-2022 16:27:00.114 INFO [main] org.apache.catalina.startup.VersionLoggerListener.log OS Name:               Mac OS X
03-Jan-2022 16:27:00.114 INFO [main] org.apache.catalina.startup.VersionLoggerListener.log Версия ОС:             11.2.3
03-Jan-2022 16:27:00.114 INFO [main] org.apache.catalina.startup.VersionLoggerListener.log Архитектура:           x86_64
03-Jan-2022 16:27:00.114 INFO [main] org.apache.catalina.startup.VersionLoggerListener.log Java Home:             /Users/mac/Library/Java/JavaVirtualMachines/corretto-1.8.0_302/Contents/Home/jre
03-Jan-2022 16:27:00.114 INFO [main] org.apache.catalina.startup.VersionLoggerListener.log Версия JVM:            1.8.0_302-b08
03-Jan-2022 16:27:00.114 INFO [main] org.apache.catalina.startup.VersionLoggerListener.log JVM Vendor:            Amazon.com Inc.
03-Jan-2022 16:27:00.114 INFO [main] org.apache.catalina.startup.VersionLoggerListener.log CATALINA_BASE:         /Users/mac/Documents/MyProjects/apache-tomcat-10.0.14
03-Jan-2022 16:27:00.115 INFO [main] org.apache.catalina.startup.VersionLoggerListener.log CATALINA_HOME:         /Users/mac/Documents/MyProjects/apache-tomcat-10.0.14
03-Jan-2022 16:27:00.120 INFO [main] org.apache.catalina.startup.VersionLoggerListener.log Command line argument: -Djava.util.logging.config.file=/Users/mac/Documents/MyProjects/apache-tomcat-10.0.14/conf/logging.properties
03-Jan-2022 16:27:00.120 INFO [main] org.apache.catalina.startup.VersionLoggerListener.log Command line argument: -Djava.util.logging.manager=org.apache.juli.ClassLoaderLogManager
03-Jan-2022 16:27:00.120 INFO [main] org.apache.catalina.startup.VersionLoggerListener.log Command line argument: -Djdk.tls.ephemeralDHKeySize=2048
03-Jan-2022 16:27:00.120 INFO [main] org.apache.catalina.startup.VersionLoggerListener.log Command line argument: -Djava.protocol.handler.pkgs=org.apache.catalina.webresources
03-Jan-2022 16:27:00.121 INFO [main] org.apache.catalina.startup.VersionLoggerListener.log Command line argument: -Dorg.apache.catalina.security.SecurityListener.UMASK=0027
03-Jan-2022 16:27:00.121 INFO [main] org.apache.catalina.startup.VersionLoggerListener.log Command line argument: -Dignore.endorsed.dirs=
03-Jan-2022 16:27:00.121 INFO [main] org.apache.catalina.startup.VersionLoggerListener.log Command line argument: -Dcatalina.base=/Users/mac/Documents/MyProjects/apache-tomcat-10.0.14
03-Jan-2022 16:27:00.121 INFO [main] org.apache.catalina.startup.VersionLoggerListener.log Command line argument: -Dcatalina.home=/Users/mac/Documents/MyProjects/apache-tomcat-10.0.14
03-Jan-2022 16:27:00.121 INFO [main] org.apache.catalina.startup.VersionLoggerListener.log Command line argument: -Djava.io.tmpdir=/Users/mac/Documents/MyProjects/apache-tomcat-10.0.14/temp
03-Jan-2022 16:27:00.124 INFO [main] org.apache.catalina.core.AprLifecycleListener.lifecycleEvent The Apache Tomcat Native library which allows using OpenSSL was not found on the java.library.path: [/Users/mac/Library/Java/Extensions:/Library/Java/Extensions:/Network/Library/Java/Extensions:/System/Library/Java/Extensions:/usr/lib/java:.]
03-Jan-2022 16:27:00.643 INFO [main] org.apache.coyote.AbstractProtocol.init Initializing ProtocolHandler ["http-nio-8080"]
03-Jan-2022 16:27:00.707 INFO [main] org.apache.catalina.startup.Catalina.load Server initialization in [892] milliseconds
03-Jan-2022 16:27:00.761 INFO [main] org.apache.catalina.core.StandardService.startInternal Starting service [Catalina]
03-Jan-2022 16:27:00.761 INFO [main] org.apache.catalina.core.StandardEngine.startInternal Starting Servlet engine: [Apache Tomcat/10.0.14]
03-Jan-2022 16:27:00.776 INFO [main] org.apache.catalina.startup.HostConfig.deployDirectory Установка веб приложения в папку [/Users/mac/Documents/MyProjects/apache-tomcat-10.0.14/webapps/Beer-V1]
03-Jan-2022 16:27:01.203 INFO [main] org.apache.catalina.startup.HostConfig.deployDirectory Deployment of web application directory [/Users/mac/Documents/MyProjects/apache-tomcat-10.0.14/webapps/Beer-V1] has finished in [425] ms
03-Jan-2022 16:27:01.204 INFO [main] org.apache.catalina.startup.HostConfig.deployDirectory Установка веб приложения в папку [/Users/mac/Documents/MyProjects/apache-tomcat-10.0.14/webapps/docs]
03-Jan-2022 16:27:01.230 INFO [main] org.apache.catalina.startup.HostConfig.deployDirectory Deployment of web application directory [/Users/mac/Documents/MyProjects/apache-tomcat-10.0.14/webapps/docs] has finished in [26] ms
03-Jan-2022 16:27:01.230 INFO [main] org.apache.catalina.startup.HostConfig.deployDirectory Установка веб приложения в папку [/Users/mac/Documents/MyProjects/apache-tomcat-10.0.14/webapps/manager]
03-Jan-2022 16:27:01.282 INFO [main] org.apache.catalina.startup.HostConfig.deployDirectory Deployment of web application directory [/Users/mac/Documents/MyProjects/apache-tomcat-10.0.14/webapps/manager] has finished in [52] ms
03-Jan-2022 16:27:01.282 INFO [main] org.apache.catalina.startup.HostConfig.deployDirectory Установка веб приложения в папку [/Users/mac/Documents/MyProjects/apache-tomcat-10.0.14/webapps/examples]
03-Jan-2022 16:27:01.753 INFO [main] org.apache.catalina.startup.HostConfig.deployDirectory Deployment of web application directory [/Users/mac/Documents/MyProjects/apache-tomcat-10.0.14/webapps/examples] has finished in [470] ms
03-Jan-2022 16:27:01.753 INFO [main] org.apache.catalina.startup.HostConfig.deployDirectory Установка веб приложения в папку [/Users/mac/Documents/MyProjects/apache-tomcat-10.0.14/webapps/ROOT]
03-Jan-2022 16:27:01.786 INFO [main] org.apache.catalina.startup.HostConfig.deployDirectory Deployment of web application directory [/Users/mac/Documents/MyProjects/apache-tomcat-10.0.14/webapps/ROOT] has finished in [33] ms
03-Jan-2022 16:27:01.787 INFO [main] org.apache.catalina.startup.HostConfig.deployDirectory Установка веб приложения в папку [/Users/mac/Documents/MyProjects/apache-tomcat-10.0.14/webapps/host-manager]
03-Jan-2022 16:27:01.818 INFO [main] org.apache.catalina.startup.HostConfig.deployDirectory Deployment of web application directory [/Users/mac/Documents/MyProjects/apache-tomcat-10.0.14/webapps/host-manager] has finished in [31] ms
03-Jan-2022 16:27:01.824 INFO [main] org.apache.coyote.AbstractProtocol.start Starting ProtocolHandler ["http-nio-8080"]
03-Jan-2022 16:27:01.843 INFO [main] org.apache.catalina.startup.Catalina.start Server startup in [1135] milliseconds
03-Jan-2022 16:29:01.883 INFO [main] org.apache.catalina.core.StandardServer.await A valid shutdown command was received via the shutdown port. Stopping the Server instance.
03-Jan-2022 16:29:01.883 INFO [main] org.apache.coyote.AbstractProtocol.pause Pausing ProtocolHandler ["http-nio-8080"]
03-Jan-2022 16:29:01.887 INFO [main] org.apache.catalina.core.StandardService.stopInternal Stopping service [Catalina]
03-Jan-2022 16:29:01.930 INFO [main] org.apache.coyote.AbstractProtocol.stop Stopping ProtocolHandler ["http-nio-8080"]
03-Jan-2022 16:29:01.936 INFO [main] org.apache.coyote.AbstractProtocol.destroy Destroying ProtocolHandler ["http-nio-8080"]
03-Jan-2022 16:29:04.444 INFO [main] org.apache.catalina.startup.VersionLoggerListener.log Server version name:   Apache Tomcat/10.0.14
03-Jan-2022 16:29:04.448 INFO [main] org.apache.catalina.startup.VersionLoggerListener.log Server built:          Dec 2 2021 22:01:36 UTC
03-Jan-2022 16:29:04.448 INFO [main] org.apache.catalina.startup.VersionLoggerListener.log Server version number: 10.0.14.0
03-Jan-2022 16:29:04.448 INFO [main] org.apache.catalina.startup.VersionLoggerListener.log OS Name:               Mac OS X
03-Jan-2022 16:29:04.448 INFO [main] org.apache.catalina.startup.VersionLoggerListener.log Версия ОС:             11.2.3
03-Jan-2022 16:29:04.449 INFO [main] org.apache.catalina.startup.VersionLoggerListener.log Архитектура:           x86_64
03-Jan-2022 16:29:04.449 INFO [main] org.apache.catalina.startup.VersionLoggerListener.log Java Home:             /Users/mac/Library/Java/JavaVirtualMachines/corretto-1.8.0_302/Contents/Home/jre
03-Jan-2022 16:29:04.449 INFO [main] org.apache.catalina.startup.VersionLoggerListener.log Версия JVM:            1.8.0_302-b08
03-Jan-2022 16:29:04.449 INFO [main] org.apache.catalina.startup.VersionLoggerListener.log JVM Vendor:            Amazon.com Inc.
03-Jan-2022 16:29:04.449 INFO [main] org.apache.catalina.startup.VersionLoggerListener.log CATALINA_BASE:         /Users/mac/Documents/MyProjects/apache-tomcat-10.0.14
03-Jan-2022 16:29:04.449 INFO [main] org.apache.catalina.startup.VersionLoggerListener.log CATALINA_HOME:         /Users/mac/Documents/MyProjects/apache-tomcat-10.0.14
03-Jan-2022 16:29:04.455 INFO [main] org.apache.catalina.startup.VersionLoggerListener.log Command line argument: -Djava.util.logging.config.file=/Users/mac/Documents/MyProjects/apache-tomcat-10.0.14/conf/logging.properties
03-Jan-2022 16:29:04.456 INFO [main] org.apache.catalina.startup.VersionLoggerListener.log Command line argument: -Djava.util.logging.manager=org.apache.juli.ClassLoaderLogManager
03-Jan-2022 16:29:04.456 INFO [main] org.apache.catalina.startup.VersionLoggerListener.log Command line argument: -Djdk.tls.ephemeralDHKeySize=2048
03-Jan-2022 16:29:04.456 INFO [main] org.apache.catalina.startup.VersionLoggerListener.log Command line argument: -Djava.protocol.handler.pkgs=org.apache.catalina.webresources
03-Jan-2022 16:29:04.456 INFO [main] org.apache.catalina.startup.VersionLoggerListener.log Command line argument: -Dorg.apache.catalina.security.SecurityListener.UMASK=0027
03-Jan-2022 16:29:04.456 INFO [main] org.apache.catalina.startup.VersionLoggerListener.log Command line argument: -Dignore.endorsed.dirs=
03-Jan-2022 16:29:04.456 INFO [main] org.apache.catalina.startup.VersionLoggerListener.log Command line argument: -Dcatalina.base=/Users/mac/Documents/MyProjects/apache-tomcat-10.0.14
03-Jan-2022 16:29:04.456 INFO [main] org.apache.catalina.startup.VersionLoggerListener.log Command line argument: -Dcatalina.home=/Users/mac/Documents/MyProjects/apache-tomcat-10.0.14
03-Jan-2022 16:29:04.457 INFO [main] org.apache.catalina.startup.VersionLoggerListener.log Command line argument: -Djava.io.tmpdir=/Users/mac/Documents/MyProjects/apache-tomcat-10.0.14/temp
03-Jan-2022 16:29:04.459 INFO [main] org.apache.catalina.core.AprLifecycleListener.lifecycleEvent The Apache Tomcat Native library which allows using OpenSSL was not found on the java.library.path: [/Users/mac/Library/Java/Extensions:/Library/Java/Extensions:/Network/Library/Java/Extensions:/System/Library/Java/Extensions:/usr/lib/java:.]
03-Jan-2022 16:29:04.928 INFO [main] org.apache.coyote.AbstractProtocol.init Initializing ProtocolHandler ["http-nio-8080"]
03-Jan-2022 16:29:04.980 INFO [main] org.apache.catalina.startup.Catalina.load Server initialization in [910] milliseconds
03-Jan-2022 16:29:05.028 INFO [main] org.apache.catalina.core.StandardService.startInternal Starting service [Catalina]
03-Jan-2022 16:29:05.028 INFO [main] org.apache.catalina.core.StandardEngine.startInternal Starting Servlet engine: [Apache Tomcat/10.0.14]
03-Jan-2022 16:29:05.040 INFO [main] org.apache.catalina.startup.HostConfig.deployDirectory Установка веб приложения в папку [/Users/mac/Documents/MyProjects/apache-tomcat-10.0.14/webapps/Beer-V1]
03-Jan-2022 16:29:05.454 INFO [main] org.apache.catalina.startup.HostConfig.deployDirectory Deployment of web application directory [/Users/mac/Documents/MyProjects/apache-tomcat-10.0.14/webapps/Beer-V1] has finished in [412] ms
03-Jan-2022 16:29:05.455 INFO [main] org.apache.catalina.startup.HostConfig.deployDirectory Установка веб приложения в папку [/Users/mac/Documents/MyProjects/apache-tomcat-10.0.14/webapps/docs]
03-Jan-2022 16:29:05.478 INFO [main] org.apache.catalina.startup.HostConfig.deployDirectory Deployment of web application directory [/Users/mac/Documents/MyProjects/apache-tomcat-10.0.14/webapps/docs] has finished in [22] ms
03-Jan-2022 16:29:05.478 INFO [main] org.apache.catalina.startup.HostConfig.deployDirectory Установка веб приложения в папку [/Users/mac/Documents/MyProjects/apache-tomcat-10.0.14/webapps/manager]
03-Jan-2022 16:29:05.525 INFO [main] org.apache.catalina.startup.HostConfig.deployDirectory Deployment of web application directory [/Users/mac/Documents/MyProjects/apache-tomcat-10.0.14/webapps/manager] has finished in [46] ms
03-Jan-2022 16:29:05.526 INFO [main] org.apache.catalina.startup.HostConfig.deployDirectory Установка веб приложения в папку [/Users/mac/Documents/MyProjects/apache-tomcat-10.0.14/webapps/examples]
03-Jan-2022 16:29:05.910 INFO [main] org.apache.catalina.startup.HostConfig.deployDirectory Deployment of web application directory [/Users/mac/Documents/MyProjects/apache-tomcat-10.0.14/webapps/examples] has finished in [385] ms
03-Jan-2022 16:29:05.911 INFO [main] org.apache.catalina.startup.HostConfig.deployDirectory Установка веб приложения в папку [/Users/mac/Documents/MyProjects/apache-tomcat-10.0.14/webapps/ROOT]
03-Jan-2022 16:29:05.935 INFO [main] org.apache.catalina.startup.HostConfig.deployDirectory Deployment of web application directory [/Users/mac/Documents/MyProjects/apache-tomcat-10.0.14/webapps/ROOT] has finished in [25] ms
03-Jan-2022 16:29:05.936 INFO [main] org.apache.catalina.startup.HostConfig.deployDirectory Установка веб приложения в папку [/Users/mac/Documents/MyProjects/apache-tomcat-10.0.14/webapps/host-manager]
03-Jan-2022 16:29:05.962 INFO [main] org.apache.catalina.startup.HostConfig.deployDirectory Deployment of web application directory [/Users/mac/Documents/MyProjects/apache-tomcat-10.0.14/webapps/host-manager] has finished in [27] ms
03-Jan-2022 16:29:05.968 INFO [main] org.apache.coyote.AbstractProtocol.start Starting ProtocolHandler ["http-nio-8080"]
03-Jan-2022 16:29:05.980 INFO [main] org.apache.catalina.startup.Catalina.start Server startup in [1000] milliseconds
03-Jan-2022 16:31:53.838 INFO [main] org.apache.catalina.core.StandardServer.await A valid shutdown command was received via the shutdown port. Stopping the Server instance.
03-Jan-2022 16:31:53.839 INFO [main] org.apache.coyote.AbstractProtocol.pause Pausing ProtocolHandler ["http-nio-8080"]
03-Jan-2022 16:31:53.844 INFO [main] org.apache.catalina.core.StandardService.stopInternal Stopping service [Catalina]
03-Jan-2022 16:31:53.877 INFO [main] org.apache.coyote.AbstractProtocol.stop Stopping ProtocolHandler ["http-nio-8080"]
03-Jan-2022 16:31:53.882 INFO [main] org.apache.coyote.AbstractProtocol.destroy Destroying ProtocolHandler ["http-nio-8080"]
03-Jan-2022 16:31:56.131 INFO [main] org.apache.catalina.startup.VersionLoggerListener.log Server version name:   Apache Tomcat/10.0.14
03-Jan-2022 16:31:56.133 INFO [main] org.apache.catalina.startup.VersionLoggerListener.log Server built:          Dec 2 2021 22:01:36 UTC
03-Jan-2022 16:31:56.133 INFO [main] org.apache.catalina.startup.VersionLoggerListener.log Server version number: 10.0.14.0
03-Jan-2022 16:31:56.133 INFO [main] org.apache.catalina.startup.VersionLoggerListener.log OS Name:               Mac OS X
03-Jan-2022 16:31:56.134 INFO [main] org.apache.catalina.startup.VersionLoggerListener.log Версия ОС:             11.2.3
03-Jan-2022 16:31:56.134 INFO [main] org.apache.catalina.startup.VersionLoggerListener.log Архитектура:           x86_64
03-Jan-2022 16:31:56.134 INFO [main] org.apache.catalina.startup.VersionLoggerListener.log Java Home:             /Users/mac/Library/Java/JavaVirtualMachines/corretto-1.8.0_302/Contents/Home/jre
03-Jan-2022 16:31:56.134 INFO [main] org.apache.catalina.startup.VersionLoggerListener.log Версия JVM:            1.8.0_302-b08
03-Jan-2022 16:31:56.134 INFO [main] org.apache.catalina.startup.VersionLoggerListener.log JVM Vendor:            Amazon.com Inc.
03-Jan-2022 16:31:56.134 INFO [main] org.apache.catalina.startup.VersionLoggerListener.log CATALINA_BASE:         /Users/mac/Documents/MyProjects/apache-tomcat-10.0.14
03-Jan-2022 16:31:56.134 INFO [main] org.apache.catalina.startup.VersionLoggerListener.log CATALINA_HOME:         /Users/mac/Documents/MyProjects/apache-tomcat-10.0.14
03-Jan-2022 16:31:56.139 INFO [main] org.apache.catalina.startup.VersionLoggerListener.log Command line argument: -Djava.util.logging.config.file=/Users/mac/Documents/MyProjects/apache-tomcat-10.0.14/conf/logging.properties
03-Jan-2022 16:31:56.139 INFO [main] org.apache.catalina.startup.VersionLoggerListener.log Command line argument: -Djava.util.logging.manager=org.apache.juli.ClassLoaderLogManager
03-Jan-2022 16:31:56.139 INFO [main] org.apache.catalina.startup.VersionLoggerListener.log Command line argument: -Djdk.tls.ephemeralDHKeySize=2048
03-Jan-2022 16:31:56.139 INFO [main] org.apache.catalina.startup.VersionLoggerListener.log Command line argument: -Djava.protocol.handler.pkgs=org.apache.catalina.webresources
03-Jan-2022 16:31:56.139 INFO [main] org.apache.catalina.startup.VersionLoggerListener.log Command line argument: -Dorg.apache.catalina.security.SecurityListener.UMASK=0027
03-Jan-2022 16:31:56.139 INFO [main] org.apache.catalina.startup.VersionLoggerListener.log Command line argument: -Dignore.endorsed.dirs=
03-Jan-2022 16:31:56.139 INFO [main] org.apache.catalina.startup.VersionLoggerListener.log Command line argument: -Dcatalina.base=/Users/mac/Documents/MyProjects/apache-tomcat-10.0.14
03-Jan-2022 16:31:56.140 INFO [main] org.apache.catalina.startup.VersionLoggerListener.log Command line argument: -Dcatalina.home=/Users/mac/Documents/MyProjects/apache-tomcat-10.0.14
03-Jan-2022 16:31:56.140 INFO [main] org.apache.catalina.startup.VersionLoggerListener.log Command line argument: -Djava.io.tmpdir=/Users/mac/Documents/MyProjects/apache-tomcat-10.0.14/temp
03-Jan-2022 16:31:56.142 INFO [main] org.apache.catalina.core.AprLifecycleListener.lifecycleEvent The Apache Tomcat Native library which allows using OpenSSL was not found on the java.library.path: [/Users/mac/Library/Java/Extensions:/Library/Java/Extensions:/Network/Library/Java/Extensions:/System/Library/Java/Extensions:/usr/lib/java:.]
03-Jan-2022 16:31:56.563 INFO [main] org.apache.coyote.AbstractProtocol.init Initializing ProtocolHandler ["http-nio-8080"]
03-Jan-2022 16:31:56.618 INFO [main] org.apache.catalina.startup.Catalina.load Server initialization in [716] milliseconds
03-Jan-2022 16:31:56.660 INFO [main] org.apache.catalina.core.StandardService.startInternal Starting service [Catalina]
03-Jan-2022 16:31:56.661 INFO [main] org.apache.catalina.core.StandardEngine.startInternal Starting Servlet engine: [Apache Tomcat/10.0.14]
03-Jan-2022 16:31:56.672 INFO [main] org.apache.catalina.startup.HostConfig.deployDirectory Установка веб приложения в папку [/Users/mac/Documents/MyProjects/apache-tomcat-10.0.14/webapps/Beer-V1]
03-Jan-2022 16:31:57.009 INFO [main] org.apache.catalina.startup.HostConfig.deployDirectory Deployment of web application directory [/Users/mac/Documents/MyProjects/apache-tomcat-10.0.14/webapps/Beer-V1] has finished in [336] ms
03-Jan-2022 16:31:57.010 INFO [main] org.apache.catalina.startup.HostConfig.deployDirectory Установка веб приложения в папку [/Users/mac/Documents/MyProjects/apache-tomcat-10.0.14/webapps/docs]
03-Jan-2022 16:31:57.032 INFO [main] org.apache.catalina.startup.HostConfig.deployDirectory Deployment of web application directory [/Users/mac/Documents/MyProjects/apache-tomcat-10.0.14/webapps/docs] has finished in [23] ms
03-Jan-2022 16:31:57.032 INFO [main] org.apache.catalina.startup.HostConfig.deployDirectory Установка веб приложения в папку [/Users/mac/Documents/MyProjects/apache-tomcat-10.0.14/webapps/manager]
03-Jan-2022 16:31:57.086 INFO [main] org.apache.catalina.startup.HostConfig.deployDirectory Deployment of web application directory [/Users/mac/Documents/MyProjects/apache-tomcat-10.0.14/webapps/manager] has finished in [54] ms
03-Jan-2022 16:31:57.087 INFO [main] org.apache.catalina.startup.HostConfig.deployDirectory Установка веб приложения в папку [/Users/mac/Documents/MyProjects/apache-tomcat-10.0.14/webapps/examples]
03-Jan-2022 16:31:57.426 INFO [main] org.apache.catalina.startup.HostConfig.deployDirectory Deployment of web application directory [/Users/mac/Documents/MyProjects/apache-tomcat-10.0.14/webapps/examples] has finished in [340] ms
03-Jan-2022 16:31:57.427 INFO [main] org.apache.catalina.startup.HostConfig.deployDirectory Установка веб приложения в папку [/Users/mac/Documents/MyProjects/apache-tomcat-10.0.14/webapps/ROOT]
03-Jan-2022 16:31:57.450 INFO [main] org.apache.catalina.startup.HostConfig.deployDirectory Deployment of web application directory [/Users/mac/Documents/MyProjects/apache-tomcat-10.0.14/webapps/ROOT] has finished in [22] ms
03-Jan-2022 16:31:57.450 INFO [main] org.apache.catalina.startup.HostConfig.deployDirectory Установка веб приложения в папку [/Users/mac/Documents/MyProjects/apache-tomcat-10.0.14/webapps/host-manager]
03-Jan-2022 16:31:57.482 INFO [main] org.apache.catalina.startup.HostConfig.deployDirectory Deployment of web application directory [/Users/mac/Documents/MyProjects/apache-tomcat-10.0.14/webapps/host-manager] has finished in [31] ms
03-Jan-2022 16:31:57.486 INFO [main] org.apache.coyote.AbstractProtocol.start Starting ProtocolHandler ["http-nio-8080"]
03-Jan-2022 16:31:57.497 INFO [main] org.apache.catalina.startup.Catalina.start Server startup in [879] milliseconds
